{"uid":"30b1ee183542b385","name":"setUpDriver","fullName":"RegistrationAndAuthentication.LogOutTest.setUpDriver","historyId":"3cbfc1af9f245faae7278950ce97481b","time":{"start":1662064338786,"stop":1662064338786,"duration":0},"status":"broken","statusMessage":"no such element: Unable to locate element: {\"method\":\"css selector\",\"selector\":\"[class=\"profile-button_OKk5 tx-link_29YD underline-hover_3GkV\"]\"}\n  (Session info: chrome=104.0.5112.102)\nFor documentation on this error, please visit: https://selenium.dev/exceptions/#no_such_element\nBuild info: version: '4.0.0', revision: '3a21814679'\nSystem info: host: 'DESKTOP-SI8MC0H', ip: '10.0.0.2', os.name: 'Windows 10', os.arch: 'amd64', os.version: '10.0', java.version: '1.8.0_111'\nDriver info: org.openqa.selenium.chrome.ChromeDriver\nCommand: [f0c0c2eca7766915f6143960fed7db1e, findElement {using=css selector, value=[class=\"profile-button_OKk5 tx-link_29YD underline-hover_3GkV\"]}]\nCapabilities {acceptInsecureCerts: false, browserName: chrome, browserVersion: 104.0.5112.102, chrome: {chromedriverVersion: 104.0.5112.79 (3cf3e8c8a07d..., userDataDir: C:\\Users\\user1\\AppData\\Loca...}, goog:chromeOptions: {debuggerAddress: localhost:54006}, javascriptEnabled: true, networkConnectionEnabled: false, pageLoadStrategy: normal, platform: WINDOWS, platformName: WINDOWS, proxy: Proxy(), se:cdp: ws://localhost:54006/devtoo..., se:cdpVersion: 104.0.5112.102, setWindowRect: true, strictFileInteractability: false, timeouts: {implicit: 0, pageLoad: 300000, script: 30000}, unhandledPromptBehavior: dismiss and notify, webauthn:extension:credBlob: true, webauthn:extension:largeBlob: true, webauthn:virtualAuthenticators: true}\nSession ID: f0c0c2eca7766915f6143960fed7db1e","statusTrace":"org.openqa.selenium.NoSuchElementException: no such element: Unable to locate element: {\"method\":\"css selector\",\"selector\":\"[class=\"profile-button_OKk5 tx-link_29YD underline-hover_3GkV\"]\"}\n  (Session info: chrome=104.0.5112.102)\nFor documentation on this error, please visit: https://selenium.dev/exceptions/#no_such_element\nBuild info: version: '4.0.0', revision: '3a21814679'\nSystem info: host: 'DESKTOP-SI8MC0H', ip: '10.0.0.2', os.name: 'Windows 10', os.arch: 'amd64', os.version: '10.0', java.version: '1.8.0_111'\nDriver info: org.openqa.selenium.chrome.ChromeDriver\nCommand: [f0c0c2eca7766915f6143960fed7db1e, findElement {using=css selector, value=[class=\"profile-button_OKk5 tx-link_29YD underline-hover_3GkV\"]}]\nCapabilities {acceptInsecureCerts: false, browserName: chrome, browserVersion: 104.0.5112.102, chrome: {chromedriverVersion: 104.0.5112.79 (3cf3e8c8a07d..., userDataDir: C:\\Users\\user1\\AppData\\Loca...}, goog:chromeOptions: {debuggerAddress: localhost:54006}, javascriptEnabled: true, networkConnectionEnabled: false, pageLoadStrategy: normal, platform: WINDOWS, platformName: WINDOWS, proxy: Proxy(), se:cdp: ws://localhost:54006/devtoo..., se:cdpVersion: 104.0.5112.102, setWindowRect: true, strictFileInteractability: false, timeouts: {implicit: 0, pageLoad: 300000, script: 30000}, unhandledPromptBehavior: dismiss and notify, webauthn:extension:credBlob: true, webauthn:extension:largeBlob: true, webauthn:virtualAuthenticators: true}\nSession ID: f0c0c2eca7766915f6143960fed7db1e\r\n\tat sun.reflect.GeneratedConstructorAccessor29.newInstance(Unknown Source)\r\n\tat sun.reflect.DelegatingConstructorAccessorImpl.newInstance(DelegatingConstructorAccessorImpl.java:45)\r\n\tat java.lang.reflect.Constructor.newInstance(Constructor.java:423)\r\n\tat org.openqa.selenium.remote.codec.w3c.W3CHttpResponseCodec.createException(W3CHttpResponseCodec.java:200)\r\n\tat org.openqa.selenium.remote.codec.w3c.W3CHttpResponseCodec.decode(W3CHttpResponseCodec.java:133)\r\n\tat org.openqa.selenium.remote.codec.w3c.W3CHttpResponseCodec.decode(W3CHttpResponseCodec.java:53)\r\n\tat org.openqa.selenium.remote.HttpCommandExecutor.execute(HttpCommandExecutor.java:184)\r\n\tat org.openqa.selenium.remote.service.DriverCommandExecutor.invokeExecute(DriverCommandExecutor.java:164)\r\n\tat org.openqa.selenium.remote.service.DriverCommandExecutor.execute(DriverCommandExecutor.java:139)\r\n\tat org.openqa.selenium.remote.RemoteWebDriver.execute(RemoteWebDriver.java:559)\r\n\tat org.openqa.selenium.remote.ElementLocation$ElementFinder$2.findElement(ElementLocation.java:162)\r\n\tat org.openqa.selenium.remote.ElementLocation.findElement(ElementLocation.java:60)\r\n\tat org.openqa.selenium.remote.RemoteWebDriver.findElement(RemoteWebDriver.java:383)\r\n\tat org.openqa.selenium.remote.RemoteWebDriver.findElement(RemoteWebDriver.java:375)\r\n\tat Utils.BasePage.findElement(BasePage.java:43)\r\n\tat Utils.BasePage.click(BasePage.java:74)\r\n\tat RegistrationAndAuthentication.PomLogOut.goToPage(PomLogOut.java:35)\r\n\tat RegistrationAndAuthentication.LogOutTest.setUpDriver(LogOutTest.java:32)\r\n\tat sun.reflect.NativeMethodAccessorImpl.invoke0(Native Method)\r\n\tat sun.reflect.NativeMethodAccessorImpl.invoke(NativeMethodAccessorImpl.java:62)\r\n\tat sun.reflect.DelegatingMethodAccessorImpl.invoke(DelegatingMethodAccessorImpl.java:43)\r\n\tat java.lang.reflect.Method.invoke(Method.java:498)\r\n\tat org.testng.internal.MethodInvocationHelper.invokeMethod(MethodInvocationHelper.java:133)\r\n\tat org.testng.internal.MethodInvocationHelper.invokeMethodConsideringTimeout(MethodInvocationHelper.java:62)\r\n\tat org.testng.internal.ConfigInvoker.invokeConfigurationMethod(ConfigInvoker.java:385)\r\n\tat org.testng.internal.ConfigInvoker.invokeConfigurations(ConfigInvoker.java:321)\r\n\tat org.testng.internal.TestMethodWorker.invokeBeforeClassMethods(TestMethodWorker.java:176)\r\n\tat org.testng.internal.TestMethodWorker.run(TestMethodWorker.java:122)\r\n\tat java.util.ArrayList.forEach(ArrayList.java:1249)\r\n\tat org.testng.TestRunner.privateRun(TestRunner.java:794)\r\n\tat org.testng.TestRunner.run(TestRunner.java:596)\r\n\tat org.testng.SuiteRunner.runTest(SuiteRunner.java:377)\r\n\tat org.testng.SuiteRunner.runSequentially(SuiteRunner.java:371)\r\n\tat org.testng.SuiteRunner.privateRun(SuiteRunner.java:332)\r\n\tat org.testng.SuiteRunner.run(SuiteRunner.java:276)\r\n\tat org.testng.SuiteRunnerWorker.runSuite(SuiteRunnerWorker.java:53)\r\n\tat org.testng.SuiteRunnerWorker.run(SuiteRunnerWorker.java:96)\r\n\tat org.testng.TestNG.runSuitesSequentially(TestNG.java:1212)\r\n\tat org.testng.TestNG.runSuitesLocally(TestNG.java:1134)\r\n\tat org.testng.TestNG.runSuites(TestNG.java:1063)\r\n\tat org.testng.TestNG.run(TestNG.java:1031)\r\n\tat com.intellij.rt.testng.IDEARemoteTestNG.run(IDEARemoteTestNG.java:66)\r\n\tat com.intellij.rt.testng.RemoteTestNGStarter.main(RemoteTestNGStarter.java:109)\r\n","flaky":false,"newFailed":false,"newBroken":false,"newPassed":false,"retriesCount":8,"retriesStatusChange":false,"beforeStages":[{"name":"setUpDriver","time":{"start":1662064305329,"stop":1662064338783,"duration":33454},"description":"","status":"broken","statusMessage":"no such element: Unable to locate element: {\"method\":\"css selector\",\"selector\":\"[class=\"profile-button_OKk5 tx-link_29YD underline-hover_3GkV\"]\"}\n  (Session info: chrome=104.0.5112.102)\nFor documentation on this error, please visit: https://selenium.dev/exceptions/#no_such_element\nBuild info: version: '4.0.0', revision: '3a21814679'\nSystem info: host: 'DESKTOP-SI8MC0H', ip: '10.0.0.2', os.name: 'Windows 10', os.arch: 'amd64', os.version: '10.0', java.version: '1.8.0_111'\nDriver info: org.openqa.selenium.chrome.ChromeDriver\nCommand: [f0c0c2eca7766915f6143960fed7db1e, findElement {using=css selector, value=[class=\"profile-button_OKk5 tx-link_29YD underline-hover_3GkV\"]}]\nCapabilities {acceptInsecureCerts: false, browserName: chrome, browserVersion: 104.0.5112.102, chrome: {chromedriverVersion: 104.0.5112.79 (3cf3e8c8a07d..., userDataDir: C:\\Users\\user1\\AppData\\Loca...}, goog:chromeOptions: {debuggerAddress: localhost:54006}, javascriptEnabled: true, networkConnectionEnabled: false, pageLoadStrategy: normal, platform: WINDOWS, platformName: WINDOWS, proxy: Proxy(), se:cdp: ws://localhost:54006/devtoo..., se:cdpVersion: 104.0.5112.102, setWindowRect: true, strictFileInteractability: false, timeouts: {implicit: 0, pageLoad: 300000, script: 30000}, unhandledPromptBehavior: dismiss and notify, webauthn:extension:credBlob: true, webauthn:extension:largeBlob: true, webauthn:virtualAuthenticators: true}\nSession ID: f0c0c2eca7766915f6143960fed7db1e","statusTrace":"org.openqa.selenium.NoSuchElementException: no such element: Unable to locate element: {\"method\":\"css selector\",\"selector\":\"[class=\"profile-button_OKk5 tx-link_29YD underline-hover_3GkV\"]\"}\n  (Session info: chrome=104.0.5112.102)\nFor documentation on this error, please visit: https://selenium.dev/exceptions/#no_such_element\nBuild info: version: '4.0.0', revision: '3a21814679'\nSystem info: host: 'DESKTOP-SI8MC0H', ip: '10.0.0.2', os.name: 'Windows 10', os.arch: 'amd64', os.version: '10.0', java.version: '1.8.0_111'\nDriver info: org.openqa.selenium.chrome.ChromeDriver\nCommand: [f0c0c2eca7766915f6143960fed7db1e, findElement {using=css selector, value=[class=\"profile-button_OKk5 tx-link_29YD underline-hover_3GkV\"]}]\nCapabilities {acceptInsecureCerts: false, browserName: chrome, browserVersion: 104.0.5112.102, chrome: {chromedriverVersion: 104.0.5112.79 (3cf3e8c8a07d..., userDataDir: C:\\Users\\user1\\AppData\\Loca...}, goog:chromeOptions: {debuggerAddress: localhost:54006}, javascriptEnabled: true, networkConnectionEnabled: false, pageLoadStrategy: normal, platform: WINDOWS, platformName: WINDOWS, proxy: Proxy(), se:cdp: ws://localhost:54006/devtoo..., se:cdpVersion: 104.0.5112.102, setWindowRect: true, strictFileInteractability: false, timeouts: {implicit: 0, pageLoad: 300000, script: 30000}, unhandledPromptBehavior: dismiss and notify, webauthn:extension:credBlob: true, webauthn:extension:largeBlob: true, webauthn:virtualAuthenticators: true}\nSession ID: f0c0c2eca7766915f6143960fed7db1e\r\n\tat sun.reflect.GeneratedConstructorAccessor29.newInstance(Unknown Source)\r\n\tat sun.reflect.DelegatingConstructorAccessorImpl.newInstance(DelegatingConstructorAccessorImpl.java:45)\r\n\tat java.lang.reflect.Constructor.newInstance(Constructor.java:423)\r\n\tat org.openqa.selenium.remote.codec.w3c.W3CHttpResponseCodec.createException(W3CHttpResponseCodec.java:200)\r\n\tat org.openqa.selenium.remote.codec.w3c.W3CHttpResponseCodec.decode(W3CHttpResponseCodec.java:133)\r\n\tat org.openqa.selenium.remote.codec.w3c.W3CHttpResponseCodec.decode(W3CHttpResponseCodec.java:53)\r\n\tat org.openqa.selenium.remote.HttpCommandExecutor.execute(HttpCommandExecutor.java:184)\r\n\tat org.openqa.selenium.remote.service.DriverCommandExecutor.invokeExecute(DriverCommandExecutor.java:164)\r\n\tat org.openqa.selenium.remote.service.DriverCommandExecutor.execute(DriverCommandExecutor.java:139)\r\n\tat org.openqa.selenium.remote.RemoteWebDriver.execute(RemoteWebDriver.java:559)\r\n\tat org.openqa.selenium.remote.ElementLocation$ElementFinder$2.findElement(ElementLocation.java:162)\r\n\tat org.openqa.selenium.remote.ElementLocation.findElement(ElementLocation.java:60)\r\n\tat org.openqa.selenium.remote.RemoteWebDriver.findElement(RemoteWebDriver.java:383)\r\n\tat org.openqa.selenium.remote.RemoteWebDriver.findElement(RemoteWebDriver.java:375)\r\n\tat Utils.BasePage.findElement(BasePage.java:43)\r\n\tat Utils.BasePage.click(BasePage.java:74)\r\n\tat RegistrationAndAuthentication.PomLogOut.goToPage(PomLogOut.java:35)\r\n\tat RegistrationAndAuthentication.LogOutTest.setUpDriver(LogOutTest.java:32)\r\n\tat sun.reflect.NativeMethodAccessorImpl.invoke0(Native Method)\r\n\tat sun.reflect.NativeMethodAccessorImpl.invoke(NativeMethodAccessorImpl.java:62)\r\n\tat sun.reflect.DelegatingMethodAccessorImpl.invoke(DelegatingMethodAccessorImpl.java:43)\r\n\tat java.lang.reflect.Method.invoke(Method.java:498)\r\n\tat org.testng.internal.MethodInvocationHelper.invokeMethod(MethodInvocationHelper.java:133)\r\n\tat org.testng.internal.MethodInvocationHelper.invokeMethodConsideringTimeout(MethodInvocationHelper.java:62)\r\n\tat org.testng.internal.ConfigInvoker.invokeConfigurationMethod(ConfigInvoker.java:385)\r\n\tat org.testng.internal.ConfigInvoker.invokeConfigurations(ConfigInvoker.java:321)\r\n\tat org.testng.internal.TestMethodWorker.invokeBeforeClassMethods(TestMethodWorker.java:176)\r\n\tat org.testng.internal.TestMethodWorker.run(TestMethodWorker.java:122)\r\n\tat java.util.ArrayList.forEach(ArrayList.java:1249)\r\n\tat org.testng.TestRunner.privateRun(TestRunner.java:794)\r\n\tat org.testng.TestRunner.run(TestRunner.java:596)\r\n\tat org.testng.SuiteRunner.runTest(SuiteRunner.java:377)\r\n\tat org.testng.SuiteRunner.runSequentially(SuiteRunner.java:371)\r\n\tat org.testng.SuiteRunner.privateRun(SuiteRunner.java:332)\r\n\tat org.testng.SuiteRunner.run(SuiteRunner.java:276)\r\n\tat org.testng.SuiteRunnerWorker.runSuite(SuiteRunnerWorker.java:53)\r\n\tat org.testng.SuiteRunnerWorker.run(SuiteRunnerWorker.java:96)\r\n\tat org.testng.TestNG.runSuitesSequentially(TestNG.java:1212)\r\n\tat org.testng.TestNG.runSuitesLocally(TestNG.java:1134)\r\n\tat org.testng.TestNG.runSuites(TestNG.java:1063)\r\n\tat org.testng.TestNG.run(TestNG.java:1031)\r\n\tat com.intellij.rt.testng.IDEARemoteTestNG.run(IDEARemoteTestNG.java:66)\r\n\tat com.intellij.rt.testng.RemoteTestNGStarter.main(RemoteTestNGStarter.java:109)\r\n","steps":[],"attachments":[],"parameters":[],"attachmentsCount":0,"shouldDisplayMessage":true,"stepsCount":0,"hasContent":true}],"afterStages":[{"name":"tearDown","time":{"start":1662064338795,"stop":1662064338795,"duration":0},"description":"","status":"broken","steps":[],"attachments":[],"parameters":[],"attachmentsCount":0,"shouldDisplayMessage":false,"stepsCount":0,"hasContent":false}],"labels":[{"name":"package","value":"RegistrationAndAuthentication.LogOutTest"},{"name":"testClass","value":"RegistrationAndAuthentication.LogOutTest"},{"name":"testMethod","value":"setUpDriver"},{"name":"parentSuite","value":"All Test Suite"},{"name":"suite","value":"C:/Users/user1/Desktop/Ness/����� ��������/final_project/FinalProject"},{"name":"subSuite","value":"RegistrationAndAuthentication.LogOutTest"},{"name":"host","value":"DESKTOP-SI8MC0H"},{"name":"thread","value":"23484@DESKTOP-SI8MC0H.main(1)"},{"name":"framework","value":"testng"},{"name":"language","value":"java"},{"name":"AS_ID","value":"-1"},{"name":"resultFormat","value":"allure2"}],"parameters":[],"links":[],"hidden":false,"retry":false,"extra":{"severity":"normal","retries":[{"uid":"c6dcf86e3a00be9c","status":"broken","statusDetails":"Expected condition failed: waiting for visibility of element located by By.cssSelector: [class=\"profile-button_OKk5 tx-link_29YD underline-hover_3GkV\"] (tried for 30 second(s) with 500 milliseconds interval)\nBuild info: version: '4.0.0', revision: '3a21814679'\nSystem info: host: 'DESKTOP-SI8MC0H', ip: '10.0.0.2', os.name: 'Windows 10', os.arch: 'amd64', os.version: '10.0', java.version: '1.8.0_111'\nDriver info: org.openqa.selenium.chrome.ChromeDriver\nCapabilities {acceptInsecureCerts: false, browserName: chrome, browserVersion: 104.0.5112.102, chrome: {chromedriverVersion: 104.0.5112.79 (3cf3e8c8a07d..., userDataDir: C:\\Users\\user1\\AppData\\Loca...}, goog:chromeOptions: {debuggerAddress: localhost:65146}, javascriptEnabled: true, networkConnectionEnabled: false, pageLoadStrategy: normal, platform: WINDOWS, platformName: WINDOWS, proxy: Proxy(), se:cdp: ws://localhost:65146/devtoo..., se:cdpVersion: 104.0.5112.102, setWindowRect: true, strictFileInteractability: false, timeouts: {implicit: 0, pageLoad: 300000, script: 30000}, unhandledPromptBehavior: dismiss and notify, webauthn:extension:credBlob: true, webauthn:extension:largeBlob: true, webauthn:virtualAuthenticators: true}\nSession ID: c8e3533da7df03ae319b1f22392869ee","time":{"start":1662057616872,"stop":1662057616872,"duration":0}},{"uid":"598a86eb1342e2b","status":"broken","statusDetails":"Expected condition failed: waiting for visibility of element located by By.cssSelector: [class=\"profile-button_OKk5 tx-link_29YD underline-hover_3GkV\"] (tried for 30 second(s) with 500 milliseconds interval)\nBuild info: version: '4.0.0', revision: '3a21814679'\nSystem info: host: 'DESKTOP-SI8MC0H', ip: '10.0.0.2', os.name: 'Windows 10', os.arch: 'amd64', os.version: '10.0', java.version: '1.8.0_111'\nDriver info: org.openqa.selenium.chrome.ChromeDriver\nCapabilities {acceptInsecureCerts: false, browserName: chrome, browserVersion: 104.0.5112.102, chrome: {chromedriverVersion: 104.0.5112.79 (3cf3e8c8a07d..., userDataDir: C:\\Users\\user1\\AppData\\Loca...}, goog:chromeOptions: {debuggerAddress: localhost:62468}, javascriptEnabled: true, networkConnectionEnabled: false, pageLoadStrategy: normal, platform: WINDOWS, platformName: WINDOWS, proxy: Proxy(), se:cdp: ws://localhost:62468/devtoo..., se:cdpVersion: 104.0.5112.102, setWindowRect: true, strictFileInteractability: false, timeouts: {implicit: 0, pageLoad: 300000, script: 30000}, unhandledPromptBehavior: dismiss and notify, webauthn:extension:credBlob: true, webauthn:extension:largeBlob: true, webauthn:virtualAuthenticators: true}\nSession ID: 0720f083fb0b5ede09f4e5e1be08d9b6","time":{"start":1662056802811,"stop":1662056802812,"duration":1}},{"uid":"371e62d6b7e126eb","status":"broken","statusDetails":"Session ID is null. Using WebDriver after calling quit()?\nBuild info: version: '4.0.0', revision: '3a21814679'\nSystem info: host: 'DESKTOP-SI8MC0H', ip: '10.0.0.2', os.name: 'Windows 10', os.arch: 'amd64', os.version: '10.0', java.version: '1.8.0_111'\nDriver info: org.openqa.selenium.chrome.ChromeDriver\nCommand: [null, get {url=https://www.terminalx.com/}]\nCapabilities {acceptInsecureCerts: false, browserName: chrome, browserVersion: 104.0.5112.102, chrome: {chromedriverVersion: 104.0.5112.79 (3cf3e8c8a07d..., userDataDir: C:\\Users\\user1\\AppData\\Loca...}, goog:chromeOptions: {debuggerAddress: localhost:60296}, javascriptEnabled: true, networkConnectionEnabled: false, pageLoadStrategy: normal, platform: WINDOWS, platformName: WINDOWS, proxy: Proxy(), se:cdp: ws://localhost:60296/devtoo..., se:cdpVersion: 104.0.5112.102, setWindowRect: true, strictFileInteractability: false, timeouts: {implicit: 0, pageLoad: 300000, script: 30000}, unhandledPromptBehavior: dismiss and notify, webauthn:extension:credBlob: true, webauthn:extension:largeBlob: true, webauthn:virtualAuthenticators: true}","time":{"start":1662056008338,"stop":1662056008339,"duration":1}},{"uid":"a6b5f569c79c9aab","status":"broken","statusDetails":"Session ID is null. Using WebDriver after calling quit()?\nBuild info: version: '4.0.0', revision: '3a21814679'\nSystem info: host: 'DESKTOP-SI8MC0H', ip: '10.0.0.2', os.name: 'Windows 10', os.arch: 'amd64', os.version: '10.0', java.version: '1.8.0_111'\nDriver info: org.openqa.selenium.chrome.ChromeDriver\nCommand: [null, get {url=https://www.terminalx.com/}]\nCapabilities {acceptInsecureCerts: false, browserName: chrome, browserVersion: 104.0.5112.102, chrome: {chromedriverVersion: 104.0.5112.79 (3cf3e8c8a07d..., userDataDir: C:\\Users\\user1\\AppData\\Loca...}, goog:chromeOptions: {debuggerAddress: localhost:58236}, javascriptEnabled: true, networkConnectionEnabled: false, pageLoadStrategy: normal, platform: WINDOWS, platformName: WINDOWS, proxy: Proxy(), se:cdp: ws://localhost:58236/devtoo..., se:cdpVersion: 104.0.5112.102, setWindowRect: true, strictFileInteractability: false, timeouts: {implicit: 0, pageLoad: 300000, script: 30000}, unhandledPromptBehavior: dismiss and notify, webauthn:extension:credBlob: true, webauthn:extension:largeBlob: true, webauthn:virtualAuthenticators: true}","time":{"start":1662055367419,"stop":1662055367419,"duration":0}},{"uid":"9b4649a75e58f8aa","status":"broken","statusDetails":"Session ID is null. Using WebDriver after calling quit()?\nBuild info: version: '4.0.0', revision: '3a21814679'\nSystem info: host: 'DESKTOP-SI8MC0H', ip: '10.0.0.2', os.name: 'Windows 10', os.arch: 'amd64', os.version: '10.0', java.version: '1.8.0_111'\nDriver info: org.openqa.selenium.chrome.ChromeDriver\nCommand: [null, get {url=https://www.terminalx.com/}]\nCapabilities {acceptInsecureCerts: false, browserName: chrome, browserVersion: 104.0.5112.102, chrome: {chromedriverVersion: 104.0.5112.79 (3cf3e8c8a07d..., userDataDir: C:\\Users\\user1\\AppData\\Loca...}, goog:chromeOptions: {debuggerAddress: localhost:57087}, javascriptEnabled: true, networkConnectionEnabled: false, pageLoadStrategy: normal, platform: WINDOWS, platformName: WINDOWS, proxy: Proxy(), se:cdp: ws://localhost:57087/devtoo..., se:cdpVersion: 104.0.5112.102, setWindowRect: true, strictFileInteractability: false, timeouts: {implicit: 0, pageLoad: 300000, script: 30000}, unhandledPromptBehavior: dismiss and notify, webauthn:extension:credBlob: true, webauthn:extension:largeBlob: true, webauthn:virtualAuthenticators: true}","time":{"start":1662054763433,"stop":1662054763433,"duration":0}},{"uid":"c845be7126f802a9","status":"broken","statusDetails":"Session ID is null. Using WebDriver after calling quit()?\nBuild info: version: '4.0.0', revision: '3a21814679'\nSystem info: host: 'DESKTOP-SI8MC0H', ip: '10.0.0.2', os.name: 'Windows 10', os.arch: 'amd64', os.version: '10.0', java.version: '1.8.0_111'\nDriver info: org.openqa.selenium.chrome.ChromeDriver\nCommand: [null, maximizeCurrentWindow {}]\nCapabilities {acceptInsecureCerts: false, browserName: chrome, browserVersion: 104.0.5112.102, chrome: {chromedriverVersion: 104.0.5112.79 (3cf3e8c8a07d..., userDataDir: C:\\Users\\user1\\AppData\\Loca...}, goog:chromeOptions: {debuggerAddress: localhost:57604}, javascriptEnabled: true, networkConnectionEnabled: false, pageLoadStrategy: normal, platform: WINDOWS, platformName: WINDOWS, proxy: Proxy(), se:cdp: ws://localhost:57604/devtoo..., se:cdpVersion: 104.0.5112.102, setWindowRect: true, strictFileInteractability: false, timeouts: {implicit: 0, pageLoad: 300000, script: 30000}, unhandledPromptBehavior: dismiss and notify, webauthn:extension:credBlob: true, webauthn:extension:largeBlob: true, webauthn:virtualAuthenticators: true}","time":{"start":1662046688798,"stop":1662046688799,"duration":1}},{"uid":"e4d54116bda72c63","status":"broken","statusDetails":"Session ID is null. Using WebDriver after calling quit()?\nBuild info: version: '4.0.0', revision: '3a21814679'\nSystem info: host: 'DESKTOP-SI8MC0H', ip: '10.0.0.2', os.name: 'Windows 10', os.arch: 'amd64', os.version: '10.0', java.version: '1.8.0_111'\nDriver info: org.openqa.selenium.chrome.ChromeDriver\nCommand: [null, maximizeCurrentWindow {}]\nCapabilities {acceptInsecureCerts: false, browserName: chrome, browserVersion: 104.0.5112.102, chrome: {chromedriverVersion: 104.0.5112.79 (3cf3e8c8a07d..., userDataDir: C:\\Users\\user1\\AppData\\Loca...}, goog:chromeOptions: {debuggerAddress: localhost:55268}, javascriptEnabled: true, networkConnectionEnabled: false, pageLoadStrategy: normal, platform: WINDOWS, platformName: WINDOWS, proxy: Proxy(), se:cdp: ws://localhost:55268/devtoo..., se:cdpVersion: 104.0.5112.102, setWindowRect: true, strictFileInteractability: false, timeouts: {implicit: 0, pageLoad: 300000, script: 30000}, unhandledPromptBehavior: dismiss and notify, webauthn:extension:credBlob: true, webauthn:extension:largeBlob: true, webauthn:virtualAuthenticators: true}","time":{"start":1662046145140,"stop":1662046145141,"duration":1}},{"uid":"eb35e39337465b00","status":"broken","statusDetails":"Session ID is null. Using WebDriver after calling quit()?\nBuild info: version: '4.0.0', revision: '3a21814679'\nSystem info: host: 'DESKTOP-SI8MC0H', ip: '10.0.0.2', os.name: 'Windows 10', os.arch: 'amd64', os.version: '10.0', java.version: '1.8.0_111'\nDriver info: org.openqa.selenium.chrome.ChromeDriver\nCommand: [null, maximizeCurrentWindow {}]\nCapabilities {acceptInsecureCerts: false, browserName: chrome, browserVersion: 104.0.5112.102, chrome: {chromedriverVersion: 104.0.5112.79 (3cf3e8c8a07d..., userDataDir: C:\\Users\\user1\\AppData\\Loca...}, goog:chromeOptions: {debuggerAddress: localhost:60804}, javascriptEnabled: true, networkConnectionEnabled: false, pageLoadStrategy: normal, platform: WINDOWS, platformName: WINDOWS, proxy: Proxy(), se:cdp: ws://localhost:60804/devtoo..., se:cdpVersion: 104.0.5112.102, setWindowRect: true, strictFileInteractability: false, timeouts: {implicit: 0, pageLoad: 300000, script: 30000}, unhandledPromptBehavior: dismiss and notify, webauthn:extension:credBlob: true, webauthn:extension:largeBlob: true, webauthn:virtualAuthenticators: true}","time":{"start":1662040575476,"stop":1662040575477,"duration":1}}],"categories":[{"name":"Test defects","matchedStatuses":[],"flaky":false}],"tags":[]},"source":"30b1ee183542b385.json","parameterValues":[]}