{"uid":"9387e99af098feb0","name":"addToCart","fullName":"ShoppingCart.ShoppingCartTest.addToCart","historyId":"800c812410531665869f86f73e17ad24","time":{"start":1661963316473,"stop":1661963316475,"duration":2},"status":"skipped","statusMessage":"Unable to establish websocket connection to http://localhost:63905/devtools/browser/94dd0c7b-f3a8-4588-89e4-f6b11667ff1b\nBuild info: version: '4.0.0', revision: '3a21814679'\nSystem info: host: 'DESKTOP-SI8MC0H', ip: '10.0.0.2', os.name: 'Windows 10', os.arch: 'amd64', os.version: '10.0', java.version: '1.8.0_111'\nDriver info: driver.version: ChromeDriver","statusTrace":"org.openqa.selenium.remote.http.ConnectionFailedException: Unable to establish websocket connection to http://localhost:63905/devtools/browser/94dd0c7b-f3a8-4588-89e4-f6b11667ff1b\nBuild info: version: '4.0.0', revision: '3a21814679'\nSystem info: host: 'DESKTOP-SI8MC0H', ip: '10.0.0.2', os.name: 'Windows 10', os.arch: 'amd64', os.version: '10.0', java.version: '1.8.0_111'\nDriver info: driver.version: ChromeDriver\r\n\tat org.openqa.selenium.remote.http.netty.NettyWebSocket.<init>(NettyWebSocket.java:104)\r\n\tat org.openqa.selenium.remote.http.netty.NettyWebSocket.lambda$create$3(NettyWebSocket.java:137)\r\n\tat org.openqa.selenium.remote.http.netty.NettyClient.openSocket(NettyClient.java:127)\r\n\tat org.openqa.selenium.devtools.Connection.<init>(Connection.java:77)\r\n\tat org.openqa.selenium.chromium.ChromiumDriver.lambda$new$2(ChromiumDriver.java:124)\r\n\tat java.util.Optional.map(Optional.java:215)\r\n\tat org.openqa.selenium.chromium.ChromiumDriver.<init>(ChromiumDriver.java:122)\r\n\tat org.openqa.selenium.chrome.ChromeDriver.<init>(ChromeDriver.java:104)\r\n\tat org.openqa.selenium.chrome.ChromeDriver.<init>(ChromeDriver.java:91)\r\n\tat org.openqa.selenium.chrome.ChromeDriver.<init>(ChromeDriver.java:46)\r\n\tat Utils.WebdriverUtils.createDriverObj(WebdriverUtils.java:20)\r\n\tat Utils.SingletonWD.<init>(SingletonWD.java:14)\r\n\tat Utils.SingletonWD.initTheSingelton(SingletonWD.java:22)\r\n\tat Utils.SingletonWD.getTheDriver(SingletonWD.java:28)\r\n\tat ShoppingCart.ShoppingCartTest.setUpDriver(ShoppingCartTest.java:26)\r\n\tat sun.reflect.NativeMethodAccessorImpl.invoke0(Native Method)\r\n\tat sun.reflect.NativeMethodAccessorImpl.invoke(NativeMethodAccessorImpl.java:62)\r\n\tat sun.reflect.DelegatingMethodAccessorImpl.invoke(DelegatingMethodAccessorImpl.java:43)\r\n\tat java.lang.reflect.Method.invoke(Method.java:498)\r\n\tat org.testng.internal.MethodInvocationHelper.invokeMethod(MethodInvocationHelper.java:133)\r\n\tat org.testng.internal.MethodInvocationHelper.invokeMethodConsideringTimeout(MethodInvocationHelper.java:62)\r\n\tat org.testng.internal.ConfigInvoker.invokeConfigurationMethod(ConfigInvoker.java:385)\r\n\tat org.testng.internal.ConfigInvoker.invokeConfigurations(ConfigInvoker.java:321)\r\n\tat org.testng.internal.TestMethodWorker.invokeBeforeClassMethods(TestMethodWorker.java:176)\r\n\tat org.testng.internal.TestMethodWorker.run(TestMethodWorker.java:122)\r\n\tat java.util.ArrayList.forEach(ArrayList.java:1249)\r\n\tat org.testng.TestRunner.privateRun(TestRunner.java:794)\r\n\tat org.testng.TestRunner.run(TestRunner.java:596)\r\n\tat org.testng.SuiteRunner.runTest(SuiteRunner.java:377)\r\n\tat org.testng.SuiteRunner.runSequentially(SuiteRunner.java:371)\r\n\tat org.testng.SuiteRunner.privateRun(SuiteRunner.java:332)\r\n\tat org.testng.SuiteRunner.run(SuiteRunner.java:276)\r\n\tat org.testng.SuiteRunnerWorker.runSuite(SuiteRunnerWorker.java:53)\r\n\tat org.testng.SuiteRunnerWorker.run(SuiteRunnerWorker.java:96)\r\n\tat org.testng.TestNG.runSuitesSequentially(TestNG.java:1212)\r\n\tat org.testng.TestNG.runSuitesLocally(TestNG.java:1134)\r\n\tat org.testng.TestNG.runSuites(TestNG.java:1063)\r\n\tat org.testng.TestNG.run(TestNG.java:1031)\r\n\tat com.intellij.rt.testng.IDEARemoteTestNG.run(IDEARemoteTestNG.java:66)\r\n\tat com.intellij.rt.testng.RemoteTestNGStarter.main(RemoteTestNGStarter.java:109)\r\n","flaky":false,"newFailed":false,"newBroken":false,"newPassed":false,"retriesCount":0,"retriesStatusChange":false,"beforeStages":[{"name":"setUpDriver","time":{"start":1661963284552,"stop":1661963316232,"duration":31680},"description":"","status":"broken","statusMessage":"Unable to establish websocket connection to http://localhost:63905/devtools/browser/94dd0c7b-f3a8-4588-89e4-f6b11667ff1b\nBuild info: version: '4.0.0', revision: '3a21814679'\nSystem info: host: 'DESKTOP-SI8MC0H', ip: '10.0.0.2', os.name: 'Windows 10', os.arch: 'amd64', os.version: '10.0', java.version: '1.8.0_111'\nDriver info: driver.version: ChromeDriver","statusTrace":"org.openqa.selenium.remote.http.ConnectionFailedException: Unable to establish websocket connection to http://localhost:63905/devtools/browser/94dd0c7b-f3a8-4588-89e4-f6b11667ff1b\nBuild info: version: '4.0.0', revision: '3a21814679'\nSystem info: host: 'DESKTOP-SI8MC0H', ip: '10.0.0.2', os.name: 'Windows 10', os.arch: 'amd64', os.version: '10.0', java.version: '1.8.0_111'\nDriver info: driver.version: ChromeDriver\r\n\tat org.openqa.selenium.remote.http.netty.NettyWebSocket.<init>(NettyWebSocket.java:104)\r\n\tat org.openqa.selenium.remote.http.netty.NettyWebSocket.lambda$create$3(NettyWebSocket.java:137)\r\n\tat org.openqa.selenium.remote.http.netty.NettyClient.openSocket(NettyClient.java:127)\r\n\tat org.openqa.selenium.devtools.Connection.<init>(Connection.java:77)\r\n\tat org.openqa.selenium.chromium.ChromiumDriver.lambda$new$2(ChromiumDriver.java:124)\r\n\tat java.util.Optional.map(Optional.java:215)\r\n\tat org.openqa.selenium.chromium.ChromiumDriver.<init>(ChromiumDriver.java:122)\r\n\tat org.openqa.selenium.chrome.ChromeDriver.<init>(ChromeDriver.java:104)\r\n\tat org.openqa.selenium.chrome.ChromeDriver.<init>(ChromeDriver.java:91)\r\n\tat org.openqa.selenium.chrome.ChromeDriver.<init>(ChromeDriver.java:46)\r\n\tat Utils.WebdriverUtils.createDriverObj(WebdriverUtils.java:20)\r\n\tat Utils.SingletonWD.<init>(SingletonWD.java:14)\r\n\tat Utils.SingletonWD.initTheSingelton(SingletonWD.java:22)\r\n\tat Utils.SingletonWD.getTheDriver(SingletonWD.java:28)\r\n\tat ShoppingCart.ShoppingCartTest.setUpDriver(ShoppingCartTest.java:26)\r\n\tat sun.reflect.NativeMethodAccessorImpl.invoke0(Native Method)\r\n\tat sun.reflect.NativeMethodAccessorImpl.invoke(NativeMethodAccessorImpl.java:62)\r\n\tat sun.reflect.DelegatingMethodAccessorImpl.invoke(DelegatingMethodAccessorImpl.java:43)\r\n\tat java.lang.reflect.Method.invoke(Method.java:498)\r\n\tat org.testng.internal.MethodInvocationHelper.invokeMethod(MethodInvocationHelper.java:133)\r\n\tat org.testng.internal.MethodInvocationHelper.invokeMethodConsideringTimeout(MethodInvocationHelper.java:62)\r\n\tat org.testng.internal.ConfigInvoker.invokeConfigurationMethod(ConfigInvoker.java:385)\r\n\tat org.testng.internal.ConfigInvoker.invokeConfigurations(ConfigInvoker.java:321)\r\n\tat org.testng.internal.TestMethodWorker.invokeBeforeClassMethods(TestMethodWorker.java:176)\r\n\tat org.testng.internal.TestMethodWorker.run(TestMethodWorker.java:122)\r\n\tat java.util.ArrayList.forEach(ArrayList.java:1249)\r\n\tat org.testng.TestRunner.privateRun(TestRunner.java:794)\r\n\tat org.testng.TestRunner.run(TestRunner.java:596)\r\n\tat org.testng.SuiteRunner.runTest(SuiteRunner.java:377)\r\n\tat org.testng.SuiteRunner.runSequentially(SuiteRunner.java:371)\r\n\tat org.testng.SuiteRunner.privateRun(SuiteRunner.java:332)\r\n\tat org.testng.SuiteRunner.run(SuiteRunner.java:276)\r\n\tat org.testng.SuiteRunnerWorker.runSuite(SuiteRunnerWorker.java:53)\r\n\tat org.testng.SuiteRunnerWorker.run(SuiteRunnerWorker.java:96)\r\n\tat org.testng.TestNG.runSuitesSequentially(TestNG.java:1212)\r\n\tat org.testng.TestNG.runSuitesLocally(TestNG.java:1134)\r\n\tat org.testng.TestNG.runSuites(TestNG.java:1063)\r\n\tat org.testng.TestNG.run(TestNG.java:1031)\r\n\tat com.intellij.rt.testng.IDEARemoteTestNG.run(IDEARemoteTestNG.java:66)\r\n\tat com.intellij.rt.testng.RemoteTestNGStarter.main(RemoteTestNGStarter.java:109)\r\n","steps":[],"attachments":[],"parameters":[],"attachmentsCount":0,"shouldDisplayMessage":true,"stepsCount":0,"hasContent":true}],"afterStages":[],"labels":[{"name":"package","value":"ShoppingCart.ShoppingCartTest"},{"name":"testClass","value":"ShoppingCart.ShoppingCartTest"},{"name":"testMethod","value":"addToCart"},{"name":"parentSuite","value":"Default Suite"},{"name":"suite","value":"FinalProject"},{"name":"subSuite","value":"ShoppingCart.ShoppingCartTest"},{"name":"host","value":"DESKTOP-SI8MC0H"},{"name":"thread","value":"166152@DESKTOP-SI8MC0H.main(1)"},{"name":"framework","value":"testng"},{"name":"language","value":"java"},{"name":"resultFormat","value":"allure2"}],"parameters":[],"links":[],"hidden":true,"retry":true,"extra":{"categories":[],"tags":[]},"source":"9387e99af098feb0.json","parameterValues":[]}